2023-08-06 05:13:30.356317 - Initialized conversion of CBT560
2023-08-06 05:13:33.238730 - Received CBT.V505.FILE560.PDS from FILE560.XMI 
2023-08-06 05:13:33.240953 - Found $$$#DATE.txt (text/plain) in CBT.V505.FILE560.PDS, moved to PDS/$$$#DATE
2023-08-06 05:13:33.242055 - Found $$NOTEXX.txt (text/plain) in CBT.V505.FILE560.PDS, moved to PDS/$$NOTEXX
2023-08-06 05:13:33.243019 - Found $$README.txt (text/plain) in CBT.V505.FILE560.PDS, moved to PDS/$$README
2023-08-06 05:13:33.243940 - Found $COMMAND.jcl (text/plain) in CBT.V505.FILE560.PDS, moved to PDS/$COMMAND
2023-08-06 05:13:33.244892 - Found $FILES.txt (text/plain) in CBT.V505.FILE560.PDS, moved to PDS/$FILES
2023-08-06 05:13:33.245763 - Found @FILE560.txt (text/plain) in CBT.V505.FILE560.PDS, moved to PDS/@FILE560
2023-08-06 05:13:33.246864 - Found ABAL.jcl (text/plain) in CBT.V505.FILE560.PDS, moved to PDS/ABAL
2023-08-06 05:13:33.247895 - Found ABALC.jcl (text/plain) in CBT.V505.FILE560.PDS, moved to PDS/ABALC
2023-08-06 05:13:33.249042 - Found ABEND.jcl (text/plain) in CBT.V505.FILE560.PDS, moved to PDS/ABEND
2023-08-06 05:13:33.249920 - Found ABENDJOB.jcl (text/plain) in CBT.V505.FILE560.PDS, moved to PDS/ABENDJOB
2023-08-06 05:13:33.251077 - Found ABENDMAC.jcl (text/plain) in CBT.V505.FILE560.PDS, moved to PDS/ABENDMAC
2023-08-06 05:13:33.252154 - Found ABEND878.jcl (text/plain) in CBT.V505.FILE560.PDS, moved to PDS/ABEND878
2023-08-06 05:13:33.253191 - Found ABNLTRM.jcl (text/plain) in CBT.V505.FILE560.PDS, moved to PDS/ABNLTRM
2023-08-06 05:13:33.254110 - Found ALIAS.jcl (text/plain) in CBT.V505.FILE560.PDS, moved to PDS/ALIAS
2023-08-06 05:13:33.255242 - Found ALIASDEF.jcl (text/plain) in CBT.V505.FILE560.PDS, moved to PDS/ALIASDEF
2023-08-06 05:13:33.256326 - Found ALIASES.jcl (text/plain) in CBT.V505.FILE560.PDS, moved to PDS/ALIASES
2023-08-06 05:13:33.257168 - Found ALIAS2.jcl (text/plain) in CBT.V505.FILE560.PDS, moved to PDS/ALIAS2
2023-08-06 05:13:33.258105 - Found ALLDSNS.jcl (text/plain) in CBT.V505.FILE560.PDS, moved to PDS/ALLDSNS
2023-08-06 05:13:33.259076 - Found ALLDSNS0.jcl (text/plain) in CBT.V505.FILE560.PDS, moved to PDS/ALLDSNS0
2023-08-06 05:13:33.259885 - Found AMBLIST.jcl (text/plain) in CBT.V505.FILE560.PDS, moved to PDS/AMBLIST
2023-08-06 05:13:33.260754 - Found ARCHVDMP.jcl (text/plain) in CBT.V505.FILE560.PDS, moved to PDS/ARCHVDMP
2023-08-06 05:13:33.261682 - Found ASCBLIST.jcl (text/plain) in CBT.V505.FILE560.PDS, moved to PDS/ASCBLIST
2023-08-06 05:13:33.262608 - Found ASCBXPND.jcl (text/plain) in CBT.V505.FILE560.PDS, moved to PDS/ASCBXPND
2023-08-06 05:13:33.263567 - Found ASC2EBCD.jcl (text/plain) in CBT.V505.FILE560.PDS, moved to PDS/ASC2EBCD
2023-08-06 05:13:33.264498 - Found ASMACL.jcl (text/plain) in CBT.V505.FILE560.PDS, moved to PDS/ASMACL
2023-08-06 05:13:33.265326 - Found ASMCHIPS.jcl (text/plain) in CBT.V505.FILE560.PDS, moved to PDS/ASMCHIPS
2023-08-06 05:13:33.266328 - Found ASMCICS.jcl (text/plain) in CBT.V505.FILE560.PDS, moved to PDS/ASMCICS
2023-08-06 05:13:33.267279 - Found ASMCMPLK.jcl (text/plain) in CBT.V505.FILE560.PDS, moved to PDS/ASMCMPLK
2023-08-06 05:13:33.268195 - Found ASMDASM.jcl (text/plain) in CBT.V505.FILE560.PDS, moved to PDS/ASMDASM
2023-08-06 05:13:33.269132 - Found ASMHIBM.jcl (text/plain) in CBT.V505.FILE560.PDS, moved to PDS/ASMHIBM
2023-08-06 05:13:33.270022 - Found ASMLKED.txt (text/plain) in CBT.V505.FILE560.PDS, moved to PDS/ASMLKED
2023-08-06 05:13:33.270917 - Found ASMMAIN.jcl (text/plain) in CBT.V505.FILE560.PDS, moved to PDS/ASMMAIN
2023-08-06 05:13:33.271865 - Found ASMRP01.jcl (text/plain) in CBT.V505.FILE560.PDS, moved to PDS/ASMRP01
2023-08-06 05:13:33.272796 - Found ASMSUBS.jcl (text/plain) in CBT.V505.FILE560.PDS, moved to PDS/ASMSUBS
2023-08-06 05:13:33.273707 - Found ASMWUCHA.jcl (text/plain) in CBT.V505.FILE560.PDS, moved to PDS/ASMWUCHA
2023-08-06 05:13:33.274597 - Found ASMXP61.jcl (text/plain) in CBT.V505.FILE560.PDS, moved to PDS/ASMXP61
2023-08-06 05:13:33.275539 - Found ASMXP66.jcl (text/plain) in CBT.V505.FILE560.PDS, moved to PDS/ASMXP66
2023-08-06 05:13:33.276465 - Found ASMXP66E.jcl (text/plain) in CBT.V505.FILE560.PDS, moved to PDS/ASMXP66E
2023-08-06 05:13:33.277399 - Found ASMXP66H.jcl (text/plain) in CBT.V505.FILE560.PDS, moved to PDS/ASMXP66H
2023-08-06 05:13:33.278280 - Found ASMZAP.jcl (text/plain) in CBT.V505.FILE560.PDS, moved to PDS/ASMZAP
2023-08-06 05:13:33.279139 - Found ASVTXPND.jcl (text/plain) in CBT.V505.FILE560.PDS, moved to PDS/ASVTXPND
2023-08-06 05:13:33.280013 - Found BACKEDIT.jcl (text/plain) in CBT.V505.FILE560.PDS, moved to PDS/BACKEDIT
2023-08-06 05:13:33.280868 - Found BAGETE.jcl (text/plain) in CBT.V505.FILE560.PDS, moved to PDS/BAGETE
2023-08-06 05:13:33.281783 - Found BATCHEDT.jcl (text/plain) in CBT.V505.FILE560.PDS, moved to PDS/BATCHEDT
2023-08-06 05:13:33.282698 - Found BCBSEXTR.jcl (text/plain) in CBT.V505.FILE560.PDS, moved to PDS/BCBSEXTR
2023-08-06 05:13:33.283617 - Found BCBSEXT2.jcl (text/plain) in CBT.V505.FILE560.PDS, moved to PDS/BCBSEXT2
2023-08-06 05:13:33.284488 - Found BCBSEXT3.jcl (text/plain) in CBT.V505.FILE560.PDS, moved to PDS/BCBSEXT3
2023-08-06 05:13:33.285346 - Found BC1JRPTS.jcl (text/plain) in CBT.V505.FILE560.PDS, moved to PDS/BC1JRPTS
2023-08-06 05:13:33.286312 - Found BIND.jcl (text/plain) in CBT.V505.FILE560.PDS, moved to PDS/BIND
2023-08-06 05:13:33.287197 - Found BLDCNTL.jcl (text/plain) in CBT.V505.FILE560.PDS, moved to PDS/BLDCNTL
2023-08-06 05:13:33.288013 - Found BLDFUNCD.jcl (text/plain) in CBT.V505.FILE560.PDS, moved to PDS/BLDFUNCD
2023-08-06 05:13:33.288816 - Found BLDTBL.jcl (text/plain) in CBT.V505.FILE560.PDS, moved to PDS/BLDTBL
2023-08-06 05:13:33.290001 - Found CALLABDP.jcl (text/plain) in CBT.V505.FILE560.PDS, moved to PDS/CALLABDP
2023-08-06 05:13:33.290937 - Found CALLABOV.jcl (text/plain) in CBT.V505.FILE560.PDS, moved to PDS/CALLABOV
2023-08-06 05:13:33.291815 - Found CALLCBND.jcl (text/plain) in CBT.V505.FILE560.PDS, moved to PDS/CALLCBND
2023-08-06 05:13:33.292679 - Found CALLCPGM.jcl (text/plain) in CBT.V505.FILE560.PDS, moved to PDS/CALLCPGM
2023-08-06 05:13:33.293609 - Found CALLDTIN.jcl (text/plain) in CBT.V505.FILE560.PDS, moved to PDS/CALLDTIN
2023-08-06 05:13:33.294507 - Found CALLFILE.jcl (text/plain) in CBT.V505.FILE560.PDS, moved to PDS/CALLFILE
2023-08-06 05:13:33.295375 - Found CALLGJBN.jcl (text/plain) in CBT.V505.FILE560.PDS, moved to PDS/CALLGJBN
2023-08-06 05:13:33.296212 - Found CALLGND2.jcl (text/plain) in CBT.V505.FILE560.PDS, moved to PDS/CALLGND2
2023-08-06 05:13:33.297075 - Found CALLGTVM.jcl (text/plain) in CBT.V505.FILE560.PDS, moved to PDS/CALLGTVM
2023-08-06 05:13:33.297969 - Found CALLGTV0.jcl (text/plain) in CBT.V505.FILE560.PDS, moved to PDS/CALLGTV0
2023-08-06 05:13:33.298805 - Found CALLORIG.jcl (text/plain) in CBT.V505.FILE560.PDS, moved to PDS/CALLORIG
2023-08-06 05:13:33.299654 - Found CALLPDSR.jcl (text/plain) in CBT.V505.FILE560.PDS, moved to PDS/CALLPDSR
2023-08-06 05:13:33.300496 - Found CALLQIO1.jcl (text/plain) in CBT.V505.FILE560.PDS, moved to PDS/CALLQIO1
2023-08-06 05:13:33.301317 - Found CALLQIO2.jcl (text/plain) in CBT.V505.FILE560.PDS, moved to PDS/CALLQIO2
2023-08-06 05:13:33.302169 - Found CALLRDLM.jcl (text/plain) in CBT.V505.FILE560.PDS, moved to PDS/CALLRDLM
2023-08-06 05:13:33.302981 - Found CALLRNMF.jcl (text/plain) in CBT.V505.FILE560.PDS, moved to PDS/CALLRNMF
2023-08-06 05:13:33.303799 - Found CALLVOLS.jcl (text/plain) in CBT.V505.FILE560.PDS, moved to PDS/CALLVOLS
2023-08-06 05:13:33.304631 - Found CALLWTO.jcl (text/plain) in CBT.V505.FILE560.PDS, moved to PDS/CALLWTO
2023-08-06 05:13:33.305668 - Found CALL095.jcl (text/plain) in CBT.V505.FILE560.PDS, moved to PDS/CALL095
2023-08-06 05:13:33.306562 - Found CALL095C.jcl (text/plain) in CBT.V505.FILE560.PDS, moved to PDS/CALL095C
2023-08-06 05:13:33.307435 - Found CAMLST.jcl (text/plain) in CBT.V505.FILE560.PDS, moved to PDS/CAMLST
2023-08-06 05:13:33.308388 - Found CAPACITR.jcl (text/plain) in CBT.V505.FILE560.PDS, moved to PDS/CAPACITR
2023-08-06 05:13:33.309289 - Found CATALOGD.jcl (text/plain) in CBT.V505.FILE560.PDS, moved to PDS/CATALOGD
2023-08-06 05:13:33.310225 - Found CATLGLST.jcl (text/plain) in CBT.V505.FILE560.PDS, moved to PDS/CATLGLST
2023-08-06 05:13:33.311110 - Found CATLIST.jcl (text/plain) in CBT.V505.FILE560.PDS, moved to PDS/CATLIST
2023-08-06 05:13:33.311958 - Found CA7EXPRT.jcl (text/plain) in CBT.V505.FILE560.PDS, moved to PDS/CA7EXPRT
2023-08-06 05:13:33.312818 - Found CA7IMPRT.jcl (text/plain) in CBT.V505.FILE560.PDS, moved to PDS/CA7IMPRT
2023-08-06 05:13:33.313714 - Found CA7SEND.jcl (text/plain) in CBT.V505.FILE560.PDS, moved to PDS/CA7SEND
2023-08-06 05:13:33.314601 - Found CA7SMPE.txt (text/plain) in CBT.V505.FILE560.PDS, moved to PDS/CA7SMPE
2023-08-06 05:13:33.315436 - Found CA90RENM.jcl (text/plain) in CBT.V505.FILE560.PDS, moved to PDS/CA90RENM
2023-08-06 05:13:33.316282 - Found CBC3GDC4.jcl (text/plain) in CBT.V505.FILE560.PDS, moved to PDS/CBC3GDC4
2023-08-06 05:13:33.317150 - Found CBL2TRAC.jcl (text/plain) in CBT.V505.FILE560.PDS, moved to PDS/CBL2TRAC
2023-08-06 05:13:33.317991 - Found CCOMP.txt (text/plain) in CBT.V505.FILE560.PDS, moved to PDS/CCOMP
2023-08-06 05:13:33.318843 - Found CDEEXPND.jcl (text/plain) in CBT.V505.FILE560.PDS, moved to PDS/CDEEXPND
2023-08-06 05:13:33.319660 - Found CHECKVBS.jcl (text/plain) in CBT.V505.FILE560.PDS, moved to PDS/CHECKVBS
2023-08-06 05:13:33.320442 - Found CHGJOBCD.jcl (text/plain) in CBT.V505.FILE560.PDS, moved to PDS/CHGJOBCD
2023-08-06 05:13:33.321293 - Found CHKNOLIM.jcl (text/plain) in CBT.V505.FILE560.PDS, moved to PDS/CHKNOLIM
2023-08-06 05:13:33.322246 - Found CHKPARMS.jcl (text/plain) in CBT.V505.FILE560.PDS, moved to PDS/CHKPARMS
2023-08-06 05:13:33.323144 - Found CHKVOLS.jcl (text/plain) in CBT.V505.FILE560.PDS, moved to PDS/CHKVOLS
2023-08-06 05:13:33.323973 - Found CHRDUMP.jcl (text/plain) in CBT.V505.FILE560.PDS, moved to PDS/CHRDUMP
2023-08-06 05:13:33.324785 - Found CICSCMDS.jcl (text/plain) in CBT.V505.FILE560.PDS, moved to PDS/CICSCMDS
2023-08-06 05:13:33.325688 - Found CICSCMND.jcl (text/plain) in CBT.V505.FILE560.PDS, moved to PDS/CICSCMND
2023-08-06 05:13:33.326630 - Found CICSJOIN.jcl (text/plain) in CBT.V505.FILE560.PDS, moved to PDS/CICSJOIN
2023-08-06 05:13:33.327471 - Found CICSRGNS.jcl (text/plain) in CBT.V505.FILE560.PDS, moved to PDS/CICSRGNS
2023-08-06 05:13:33.328303 - Found CICSSCAN.jcl (text/plain) in CBT.V505.FILE560.PDS, moved to PDS/CICSSCAN
2023-08-06 05:13:33.329276 - Found CIRCLE.jcl (text/plain) in CBT.V505.FILE560.PDS, moved to PDS/CIRCLE
2023-08-06 05:13:33.330245 - Found CLMAIN.jcl (text/plain) in CBT.V505.FILE560.PDS, moved to PDS/CLMAIN
2023-08-06 05:13:33.331452 - Found CLNDEPIP.jcl (text/plain) in CBT.V505.FILE560.PDS, moved to PDS/CLNDEPIP
2023-08-06 05:13:33.332327 - Found CLNDEPI0.jcl (text/plain) in CBT.V505.FILE560.PDS, moved to PDS/CLNDEPI0
2023-08-06 05:13:33.333294 - Found CLONEMEM.jcl (text/plain) in CBT.V505.FILE560.PDS, moved to PDS/CLONEMEM
2023-08-06 05:13:33.334184 - Found CLONEPDS.jcl (text/plain) in CBT.V505.FILE560.PDS, moved to PDS/CLONEPDS
2023-08-06 05:13:33.335033 - Found CLONXPED.jcl (text/plain) in CBT.V505.FILE560.PDS, moved to PDS/CLONXPED
2023-08-06 05:13:33.335841 - Found CLSTCLR.jcl (text/plain) in CBT.V505.FILE560.PDS, moved to PDS/CLSTCLR
2023-08-06 05:13:33.336755 - Found CLSUBR.jcl (text/plain) in CBT.V505.FILE560.PDS, moved to PDS/CLSUBR
2023-08-06 05:13:33.337705 - Found CL3MAIN.jcl (text/plain) in CBT.V505.FILE560.PDS, moved to PDS/CL3MAIN
2023-08-06 05:13:33.338686 - Found CMPRDIR.jcl (text/plain) in CBT.V505.FILE560.PDS, moved to PDS/CMPRDIR
2023-08-06 05:13:33.339550 - Found CMPRFILE.jcl (text/plain) in CBT.V505.FILE560.PDS, moved to PDS/CMPRFILE
2023-08-06 05:13:33.340492 - Found CMTMAINT.jcl (text/plain) in CBT.V505.FILE560.PDS, moved to PDS/CMTMAINT
2023-08-06 05:13:33.341464 - Found COBDECML.jcl (text/plain) in CBT.V505.FILE560.PDS, moved to PDS/COBDECML
2023-08-06 05:13:33.342390 - Found COBIBM.jcl (text/plain) in CBT.V505.FILE560.PDS, moved to PDS/COBIBM
2023-08-06 05:13:33.343314 - Found COBLJCL.jcl (text/plain) in CBT.V505.FILE560.PDS, moved to PDS/COBLJCL
2023-08-06 05:13:33.344260 - Found COBLRUN.jcl (text/plain) in CBT.V505.FILE560.PDS, moved to PDS/COBLRUN
2023-08-06 05:13:33.345195 - Found COBLSETY.jcl (text/plain) in CBT.V505.FILE560.PDS, moved to PDS/COBLSETY
2023-08-06 05:13:33.346052 - Found COBLSORT.jcl (text/plain) in CBT.V505.FILE560.PDS, moved to PDS/COBLSORT
2023-08-06 05:13:33.346984 - Found COBLSUBR.jcl (text/plain) in CBT.V505.FILE560.PDS, moved to PDS/COBLSUBR
2023-08-06 05:13:33.347893 - Found COBLTYPE.jcl (text/plain) in CBT.V505.FILE560.PDS, moved to PDS/COBLTYPE
2023-08-06 05:13:33.348801 - Found COBLTYP1.jcl (text/plain) in CBT.V505.FILE560.PDS, moved to PDS/COBLTYP1
2023-08-06 05:13:33.349743 - Found COBLTYP2.jcl (text/plain) in CBT.V505.FILE560.PDS, moved to PDS/COBLTYP2
2023-08-06 05:13:33.350605 - Found COBOL2.jcl (text/plain) in CBT.V505.FILE560.PDS, moved to PDS/COBOL2
2023-08-06 05:13:33.351514 - Found COBOL24.jcl (text/plain) in CBT.V505.FILE560.PDS, moved to PDS/COBOL24
2023-08-06 05:13:33.352437 - Found COBONLY.jcl (text/plain) in CBT.V505.FILE560.PDS, moved to PDS/COBONLY
2023-08-06 05:13:33.353366 - Found COBRDLST.jcl (text/plain) in CBT.V505.FILE560.PDS, moved to PDS/COBRDLST
2023-08-06 05:13:33.354249 - Found COBREAD.jcl (text/plain) in CBT.V505.FILE560.PDS, moved to PDS/COBREAD
2023-08-06 05:13:33.355096 - Found COBREAD1.jcl (text/plain) in CBT.V505.FILE560.PDS, moved to PDS/COBREAD1
2023-08-06 05:13:33.355933 - Found COBSUBEM.jcl (text/plain) in CBT.V505.FILE560.PDS, moved to PDS/COBSUBEM
2023-08-06 05:13:33.356828 - Found COBVLKED.txt (text/plain) in CBT.V505.FILE560.PDS, moved to PDS/COBVLKED
2023-08-06 05:13:33.357808 - Found COBVMAIN.jcl (text/plain) in CBT.V505.FILE560.PDS, moved to PDS/COBVMAIN
2023-08-06 05:13:33.358767 - Found COBVXP61.jcl (text/plain) in CBT.V505.FILE560.PDS, moved to PDS/COBVXP61
2023-08-06 05:13:33.359644 - Found COBVXP66.jcl (text/plain) in CBT.V505.FILE560.PDS, moved to PDS/COBVXP66
2023-08-06 05:13:33.360464 - Found COB2ASM.jcl (text/plain) in CBT.V505.FILE560.PDS, moved to PDS/COB2ASM
2023-08-06 05:13:33.361320 - Found COB2DB2.jcl (text/plain) in CBT.V505.FILE560.PDS, moved to PDS/COB2DB2
2023-08-06 05:13:33.362440 - Found COB2DSPA.jcl (text/plain) in CBT.V505.FILE560.PDS, moved to PDS/COB2DSPA
2023-08-06 05:13:33.363384 - Found COB2DSPL.jcl (text/plain) in CBT.V505.FILE560.PDS, moved to PDS/COB2DSPL
2023-08-06 05:13:33.364227 - Found COB2LKED.txt (text/plain) in CBT.V505.FILE560.PDS, moved to PDS/COB2LKED
2023-08-06 05:13:33.365090 - Found COB2LKNO.txt (text/plain) in CBT.V505.FILE560.PDS, moved to PDS/COB2LKNO
2023-08-06 05:13:33.365940 - Found COB2MAIN.jcl (text/plain) in CBT.V505.FILE560.PDS, moved to PDS/COB2MAIN
2023-08-06 05:13:33.366788 - Found COB2ORIG.jcl (text/plain) in CBT.V505.FILE560.PDS, moved to PDS/COB2ORIG
2023-08-06 05:13:33.367608 - Found COB2RAND.jcl (text/plain) in CBT.V505.FILE560.PDS, moved to PDS/COB2RAND
2023-08-06 05:13:33.368428 - Found COB2RNMF.jcl (text/plain) in CBT.V505.FILE560.PDS, moved to PDS/COB2RNMF
2023-08-06 05:13:33.369294 - Found COB2SYSA.jcl (text/plain) in CBT.V505.FILE560.PDS, moved to PDS/COB2SYSA
2023-08-06 05:13:33.370156 - Found COB2SYSB.jcl (text/plain) in CBT.V505.FILE560.PDS, moved to PDS/COB2SYSB
2023-08-06 05:13:33.371020 - Found COB2XP66.jcl (text/plain) in CBT.V505.FILE560.PDS, moved to PDS/COB2XP66
2023-08-06 05:13:33.372004 - Found COB2000.jcl (text/plain) in CBT.V505.FILE560.PDS, moved to PDS/COB2000
2023-08-06 05:13:33.372941 - Found COB3IBM.jcl (text/plain) in CBT.V505.FILE560.PDS, moved to PDS/COB3IBM
2023-08-06 05:13:33.373805 - Found COB3MAIN.jcl (text/plain) in CBT.V505.FILE560.PDS, moved to PDS/COB3MAIN
2023-08-06 05:13:33.374739 - Found COB3XP66.jcl (text/plain) in CBT.V505.FILE560.PDS, moved to PDS/COB3XP66
2023-08-06 05:13:33.375604 - Found COB390.jcl (text/plain) in CBT.V505.FILE560.PDS, moved to PDS/COB390
2023-08-06 05:13:33.376513 - Found COMPARE.jcl (text/plain) in CBT.V505.FILE560.PDS, moved to PDS/COMPARE
2023-08-06 05:13:33.377558 - Found COMPAREX.jcl (text/plain) in CBT.V505.FILE560.PDS, moved to PDS/COMPAREX
2023-08-06 05:13:33.378434 - Found COMPASM.jcl (text/plain) in CBT.V505.FILE560.PDS, moved to PDS/COMPASM
2023-08-06 05:13:33.379404 - Found COMPRESS.jcl (text/plain) in CBT.V505.FILE560.PDS, moved to PDS/COMPRESS
2023-08-06 05:13:33.380352 - Found COPY.jcl (text/plain) in CBT.V505.FILE560.PDS, moved to PDS/COPY
2023-08-06 05:13:33.381295 - Found COPYDASD.jcl (text/plain) in CBT.V505.FILE560.PDS, moved to PDS/COPYDASD
2023-08-06 05:13:33.382233 - Found COPYDUMP.jcl (text/plain) in CBT.V505.FILE560.PDS, moved to PDS/COPYDUMP
2023-08-06 05:13:33.383150 - Found COPYGBRG.jcl (text/plain) in CBT.V505.FILE560.PDS, moved to PDS/COPYGBRG
2023-08-06 05:13:33.384027 - Found COPYIPCS.jcl (text/plain) in CBT.V505.FILE560.PDS, moved to PDS/COPYIPCS
2023-08-06 05:13:33.384988 - Found COPYMULT.jcl (text/plain) in CBT.V505.FILE560.PDS, moved to PDS/COPYMULT
2023-08-06 05:13:33.385906 - Found COPYPDS.jcl (text/plain) in CBT.V505.FILE560.PDS, moved to PDS/COPYPDS
2023-08-06 05:13:33.386858 - Found COPYTAPE.jcl (text/plain) in CBT.V505.FILE560.PDS, moved to PDS/COPYTAPE
2023-08-06 05:13:33.387727 - Found COPYTSO.jcl (text/plain) in CBT.V505.FILE560.PDS, moved to PDS/COPYTSO
2023-08-06 05:13:33.388543 - Found COPYV.jcl (text/plain) in CBT.V505.FILE560.PDS, moved to PDS/COPYV
2023-08-06 05:13:33.389389 - Found COUNTBYT.jcl (text/plain) in CBT.V505.FILE560.PDS, moved to PDS/COUNTBYT
2023-08-06 05:13:33.390275 - Found COUNTREC.jcl (text/plain) in CBT.V505.FILE560.PDS, moved to PDS/COUNTREC
2023-08-06 05:13:33.391118 - Found CPYDMPDD.jcl (text/plain) in CBT.V505.FILE560.PDS, moved to PDS/CPYDMPDD
2023-08-06 05:13:33.391923 - Found CPY2NLTP.jcl (text/plain) in CBT.V505.FILE560.PDS, moved to PDS/CPY2NLTP
2023-08-06 05:13:33.392755 - Found CPY2SLTP.jcl (text/plain) in CBT.V505.FILE560.PDS, moved to PDS/CPY2SLTP
2023-08-06 05:13:33.393602 - Found CRE8VSAM.jcl (text/plain) in CBT.V505.FILE560.PDS, moved to PDS/CRE8VSAM
2023-08-06 05:13:33.394449 - Found CSECMCH2.jcl (text/plain) in CBT.V505.FILE560.PDS, moved to PDS/CSECMCH2
2023-08-06 05:13:33.395332 - Found CSECTLST.jcl (text/plain) in CBT.V505.FILE560.PDS, moved to PDS/CSECTLST
2023-08-06 05:13:33.396158 - Found CSECTMCH.jcl (text/plain) in CBT.V505.FILE560.PDS, moved to PDS/CSECTMCH
2023-08-06 05:13:33.396999 - Found CSECTMRG.jcl (text/plain) in CBT.V505.FILE560.PDS, moved to PDS/CSECTMRG
2023-08-06 05:13:33.397940 - Found CTLGLIST.jcl (text/plain) in CBT.V505.FILE560.PDS, moved to PDS/CTLGLIST
2023-08-06 05:13:33.398943 - Found CVTCLIST.jcl (text/plain) in CBT.V505.FILE560.PDS, moved to PDS/CVTCLIST
2023-08-06 05:13:33.399799 - Found CVTEXPND.jcl (text/plain) in CBT.V505.FILE560.PDS, moved to PDS/CVTEXPND
2023-08-06 05:13:33.400618 - Found C1UEXT02.jcl (text/plain) in CBT.V505.FILE560.PDS, moved to PDS/C1UEXT02
2023-08-06 05:13:33.401460 - Found C2COMPCK.jcl (text/plain) in CBT.V505.FILE560.PDS, moved to PDS/C2COMPCK
2023-08-06 05:13:33.402541 - Found DATES.jcl (text/plain) in CBT.V505.FILE560.PDS, moved to PDS/DATES
2023-08-06 05:13:33.403463 - Found DB2DATE.jcl (text/plain) in CBT.V505.FILE560.PDS, moved to PDS/DB2DATE
2023-08-06 05:13:33.404287 - Found DB2DATE2.jcl (text/plain) in CBT.V505.FILE560.PDS, moved to PDS/DB2DATE2
2023-08-06 05:13:33.405120 - Found DCBEXPND.jcl (text/plain) in CBT.V505.FILE560.PDS, moved to PDS/DCBEXPND
2023-08-06 05:13:33.406240 - Found DEBBIE.jcl (text/plain) in CBT.V505.FILE560.PDS, moved to PDS/DEBBIE
2023-08-06 05:13:33.407114 - Found DEBEXPND.jcl (text/plain) in CBT.V505.FILE560.PDS, moved to PDS/DEBEXPND
2023-08-06 05:13:33.407916 - Found DECBXPND.jcl (text/plain) in CBT.V505.FILE560.PDS, moved to PDS/DECBXPND
2023-08-06 05:13:33.408721 - Found DEFINDIR.jcl (text/plain) in CBT.V505.FILE560.PDS, moved to PDS/DEFINDIR
2023-08-06 05:13:33.409600 - Found DEFPAGEA.jcl (text/plain) in CBT.V505.FILE560.PDS, moved to PDS/DEFPAGEA
2023-08-06 05:13:33.410595 - Found DEFPAGEB.jcl (text/plain) in CBT.V505.FILE560.PDS, moved to PDS/DEFPAGEB
2023-08-06 05:13:33.411515 - Found DELEJSPC.jcl (text/plain) in CBT.V505.FILE560.PDS, moved to PDS/DELEJSPC
2023-08-06 05:13:33.412326 - Found DESERV.jcl (text/plain) in CBT.V505.FILE560.PDS, moved to PDS/DESERV
2023-08-06 05:13:33.413167 - Found DFDSS.jcl (text/plain) in CBT.V505.FILE560.PDS, moved to PDS/DFDSS
2023-08-06 05:13:33.414014 - Found DFDSSDIR.jcl (text/plain) in CBT.V505.FILE560.PDS, moved to PDS/DFDSSDIR
2023-08-06 05:13:33.414869 - Found DFDSSDOC.txt (text/plain) in CBT.V505.FILE560.PDS, moved to PDS/DFDSSDOC
2023-08-06 05:13:33.415824 - Found DISASM.jcl (text/plain) in CBT.V505.FILE560.PDS, moved to PDS/DISASM
2023-08-06 05:13:33.416687 - Found DISASMA.jcl (text/plain) in CBT.V505.FILE560.PDS, moved to PDS/DISASMA
2023-08-06 05:13:33.417533 - Found DISASMB.jcl (text/plain) in CBT.V505.FILE560.PDS, moved to PDS/DISASMB
2023-08-06 05:13:33.418360 - Found DISASMC.jcl (text/plain) in CBT.V505.FILE560.PDS, moved to PDS/DISASMC
2023-08-06 05:13:33.419174 - Found DISASME.jcl (text/plain) in CBT.V505.FILE560.PDS, moved to PDS/DISASME
2023-08-06 05:13:33.420002 - Found DISASMI.jcl (text/plain) in CBT.V505.FILE560.PDS, moved to PDS/DISASMI
2023-08-06 05:13:33.420800 - Found DISASMX.jcl (text/plain) in CBT.V505.FILE560.PDS, moved to PDS/DISASMX
2023-08-06 05:13:33.421787 - Found DISASMZ.jcl (text/plain) in CBT.V505.FILE560.PDS, moved to PDS/DISASMZ
2023-08-06 05:13:33.422765 - Found DISASM0.jcl (text/plain) in CBT.V505.FILE560.PDS, moved to PDS/DISASM0
2023-08-06 05:13:33.423785 - Found DISKCTLG.jcl (text/plain) in CBT.V505.FILE560.PDS, moved to PDS/DISKCTLG
2023-08-06 05:13:33.424638 - Found DKI0003A.jcl (text/plain) in CBT.V505.FILE560.PDS, moved to PDS/DKI0003A
2023-08-06 05:13:33.425619 - Found DKI9002A.jcl (text/plain) in CBT.V505.FILE560.PDS, moved to PDS/DKI9002A
2023-08-06 05:13:33.426491 - Found DSCBXPND.jcl (text/plain) in CBT.V505.FILE560.PDS, moved to PDS/DSCBXPND
2023-08-06 05:13:33.427315 - Found DSNUPDAT.jcl (text/plain) in CBT.V505.FILE560.PDS, moved to PDS/DSNUPDAT
2023-08-06 05:13:33.428132 - Found DUMPFIL.jcl (text/plain) in CBT.V505.FILE560.PDS, moved to PDS/DUMPFIL
2023-08-06 05:13:33.428951 - Found DUMPSTOR.jcl (text/plain) in CBT.V505.FILE560.PDS, moved to PDS/DUMPSTOR
2023-08-06 05:13:33.429830 - Found DUPLMEMB.jcl (text/plain) in CBT.V505.FILE560.PDS, moved to PDS/DUPLMEMB
2023-08-06 05:13:33.430799 - Found EASYIMS.jcl (text/plain) in CBT.V505.FILE560.PDS, moved to PDS/EASYIMS
2023-08-06 05:13:33.431731 - Found EBCD2ASC.jcl (text/plain) in CBT.V505.FILE560.PDS, moved to PDS/EBCD2ASC
2023-08-06 05:13:33.432609 - Found EDCCB.jcl (text/plain) in CBT.V505.FILE560.PDS, moved to PDS/EDCCB
2023-08-06 05:13:33.433452 - Found EDCCB0.jcl (text/plain) in CBT.V505.FILE560.PDS, moved to PDS/EDCCB0
2023-08-06 05:13:33.434274 - Found EDCCL.jcl (text/plain) in CBT.V505.FILE560.PDS, moved to PDS/EDCCL
2023-08-06 05:13:33.435120 - Found EDGE.jcl (text/plain) in CBT.V505.FILE560.PDS, moved to PDS/EDGE
2023-08-06 05:13:33.436066 - Found EDGEFIND.jcl (text/plain) in CBT.V505.FILE560.PDS, moved to PDS/EDGEFIND
2023-08-06 05:13:33.436907 - Found EDGEMCPR.jcl (text/plain) in CBT.V505.FILE560.PDS, moved to PDS/EDGEMCPR
2023-08-06 05:13:33.437989 - Found EDGEMOD.jcl (text/plain) in CBT.V505.FILE560.PDS, moved to PDS/EDGEMOD
2023-08-06 05:13:33.438923 - Found EDGESTRP.jcl (text/plain) in CBT.V505.FILE560.PDS, moved to PDS/EDGESTRP
2023-08-06 05:13:33.439771 - Found EDGEVSCB.jcl (text/plain) in CBT.V505.FILE560.PDS, moved to PDS/EDGEVSCB
2023-08-06 05:13:33.440597 - Found EDGE0.jcl (text/plain) in CBT.V505.FILE560.PDS, moved to PDS/EDGE0
2023-08-06 05:13:33.441448 - Found EDGE1.jcl (text/plain) in CBT.V505.FILE560.PDS, moved to PDS/EDGE1
2023-08-06 05:13:33.442318 - Found EMP.jcl (text/plain) in CBT.V505.FILE560.PDS, moved to PDS/EMP
2023-08-06 05:13:33.443153 - Found ENBE1000.jcl (text/plain) in CBT.V505.FILE560.PDS, moved to PDS/ENBE1000
2023-08-06 05:13:33.443949 - Found ENDCKDUP.jcl (text/plain) in CBT.V505.FILE560.PDS, moved to PDS/ENDCKDUP
2023-08-06 05:13:33.444799 - Found ENDVDATA.jcl (text/plain) in CBT.V505.FILE560.PDS, moved to PDS/ENDVDATA
2023-08-06 05:13:33.445661 - Found ENDVELEM.jcl (text/plain) in CBT.V505.FILE560.PDS, moved to PDS/ENDVELEM
2023-08-06 05:13:33.446652 - Found ENDVELMT.jcl (text/plain) in CBT.V505.FILE560.PDS, moved to PDS/ENDVELMT
2023-08-06 05:13:33.447668 - Found ENDVFLCK.jcl (text/plain) in CBT.V505.FILE560.PDS, moved to PDS/ENDVFLCK
2023-08-06 05:13:33.448563 - Found ENDVFTPT.jcl (text/plain) in CBT.V505.FILE560.PDS, moved to PDS/ENDVFTPT
2023-08-06 05:13:33.449464 - Found ENDVMTCH.jcl (text/plain) in CBT.V505.FILE560.PDS, moved to PDS/ENDVMTCH
2023-08-06 05:13:33.450397 - Found ENDVPGLS.jcl (text/plain) in CBT.V505.FILE560.PDS, moved to PDS/ENDVPGLS
2023-08-06 05:13:33.451284 - Found ENDVRSYS.jcl (text/plain) in CBT.V505.FILE560.PDS, moved to PDS/ENDVRSYS
2023-08-06 05:13:33.452223 - Found ENDVRTRV.jcl (text/plain) in CBT.V505.FILE560.PDS, moved to PDS/ENDVRTRV
2023-08-06 05:13:33.453139 - Found ENDVRTVL.jcl (text/plain) in CBT.V505.FILE560.PDS, moved to PDS/ENDVRTVL
2023-08-06 05:13:33.453995 - Found ENDVRTV2.jcl (text/plain) in CBT.V505.FILE560.PDS, moved to PDS/ENDVRTV2
2023-08-06 05:13:33.454977 - Found ENDVSTRP.jcl (text/plain) in CBT.V505.FILE560.PDS, moved to PDS/ENDVSTRP
2023-08-06 05:13:33.455946 - Found ENDVXPND.jcl (text/plain) in CBT.V505.FILE560.PDS, moved to PDS/ENDVXPND
2023-08-06 05:13:33.456884 - Found ENQLIST.jcl (text/plain) in CBT.V505.FILE560.PDS, moved to PDS/ENQLIST
2023-08-06 05:13:33.457880 - Found EXCHANGE.jcl (text/plain) in CBT.V505.FILE560.PDS, moved to PDS/EXCHANGE
2023-08-06 05:13:33.458813 - Found EXCPSEQF.jcl (text/plain) in CBT.V505.FILE560.PDS, moved to PDS/EXCPSEQF
2023-08-06 05:13:33.459671 - Found EXCPTAPE.jcl (text/plain) in CBT.V505.FILE560.PDS, moved to PDS/EXCPTAPE
2023-08-06 05:13:33.460566 - Found EXLSTXPN.jcl (text/plain) in CBT.V505.FILE560.PDS, moved to PDS/EXLSTXPN
2023-08-06 05:13:33.461519 - Found EXTSYMS.jcl (text/plain) in CBT.V505.FILE560.PDS, moved to PDS/EXTSYMS
2023-08-06 05:13:33.462393 - Found FILES.jcl (text/plain) in CBT.V505.FILE560.PDS, moved to PDS/FILES
2023-08-06 05:13:33.463246 - Found FINDCALL.jcl (text/plain) in CBT.V505.FILE560.PDS, moved to PDS/FINDCALL
2023-08-06 05:13:33.464100 - Found FINDCONT.jcl (text/plain) in CBT.V505.FILE560.PDS, moved to PDS/FINDCONT
2023-08-06 05:13:33.464944 - Found FINDELMB.jcl (text/plain) in CBT.V505.FILE560.PDS, moved to PDS/FINDELMB
2023-08-06 05:13:33.465929 - Found FINDLDM.jcl (text/plain) in CBT.V505.FILE560.PDS, moved to PDS/FINDLDM
2023-08-06 05:13:33.466833 - Found FINDMAC.jcl (text/plain) in CBT.V505.FILE560.PDS, moved to PDS/FINDMAC
2023-08-06 05:13:33.467734 - Found FINDPGM.jcl (text/plain) in CBT.V505.FILE560.PDS, moved to PDS/FINDPGM
2023-08-06 05:13:33.468542 - Found FINDSTRG.jcl (text/plain) in CBT.V505.FILE560.PDS, moved to PDS/FINDSTRG
2023-08-06 05:13:33.469491 - Found FINDSUBR.jcl (text/plain) in CBT.V505.FILE560.PDS, moved to PDS/FINDSUBR
2023-08-06 05:13:33.470389 - Found FNDALLMC.jcl (text/plain) in CBT.V505.FILE560.PDS, moved to PDS/FNDALLMC
2023-08-06 05:13:33.471344 - Found FNDMACRO.jcl (text/plain) in CBT.V505.FILE560.PDS, moved to PDS/FNDMACRO
2023-08-06 05:13:33.472235 - Found GDGCR8.jcl (text/plain) in CBT.V505.FILE560.PDS, moved to PDS/GDGCR8
2023-08-06 05:13:33.473138 - Found GENDATES.jcl (text/plain) in CBT.V505.FILE560.PDS, moved to PDS/GENDATES
2023-08-06 05:13:33.474022 - Found GEOFCOB.jcl (text/plain) in CBT.V505.FILE560.PDS, moved to PDS/GEOFCOB
2023-08-06 05:13:33.474941 - Found GEOFEXE.jcl (text/plain) in CBT.V505.FILE560.PDS, moved to PDS/GEOFEXE
2023-08-06 05:13:33.475824 - Found GETOWNR2.jcl (text/plain) in CBT.V505.FILE560.PDS, moved to PDS/GETOWNR2
2023-08-06 05:13:33.476705 - Found IBMREC.jcl (text/plain) in CBT.V505.FILE560.PDS, moved to PDS/IBMREC
2023-08-06 05:13:33.477604 - Found ICATALOG.jcl (text/plain) in CBT.V505.FILE560.PDS, moved to PDS/ICATALOG
2023-08-06 05:13:33.478658 - Found ICLONE.jcl (text/plain) in CBT.V505.FILE560.PDS, moved to PDS/ICLONE
2023-08-06 05:13:33.479603 - Found ICLONE2.jcl (text/plain) in CBT.V505.FILE560.PDS, moved to PDS/ICLONE2
2023-08-06 05:13:33.480443 - Found IDCALIAS.jcl (text/plain) in CBT.V505.FILE560.PDS, moved to PDS/IDCALIAS
2023-08-06 05:13:33.481355 - Found IDCAMPRT.jcl (text/plain) in CBT.V505.FILE560.PDS, moved to PDS/IDCAMPRT
2023-08-06 05:13:33.482175 - Found IDCCTLG.jcl (text/plain) in CBT.V505.FILE560.PDS, moved to PDS/IDCCTLG
2023-08-06 05:13:33.482995 - Found IDCMDEFL.jcl (text/plain) in CBT.V505.FILE560.PDS, moved to PDS/IDCMDEFL
2023-08-06 05:13:33.483936 - Found IDCMDEFN.jcl (text/plain) in CBT.V505.FILE560.PDS, moved to PDS/IDCMDEFN
2023-08-06 05:13:33.484747 - Found IDCMDEL.jcl (text/plain) in CBT.V505.FILE560.PDS, moved to PDS/IDCMDEL
2023-08-06 05:13:33.485561 - Found IDCMDFMD.jcl (text/plain) in CBT.V505.FILE560.PDS, moved to PDS/IDCMDFMD
2023-08-06 05:13:33.486501 - Found IDCMDFNV.jcl (text/plain) in CBT.V505.FILE560.PDS, moved to PDS/IDCMDFNV
2023-08-06 05:13:33.487376 - Found IDCMDIAG.jcl (text/plain) in CBT.V505.FILE560.PDS, moved to PDS/IDCMDIAG
2023-08-06 05:13:33.488183 - Found IDCMEXAM.jcl (text/plain) in CBT.V505.FILE560.PDS, moved to PDS/IDCMEXAM
2023-08-06 05:13:33.489009 - Found IDCMEXMP.jcl (text/plain) in CBT.V505.FILE560.PDS, moved to PDS/IDCMEXMP
2023-08-06 05:13:33.489989 - Found IDCMLIST.jcl (text/plain) in CBT.V505.FILE560.PDS, moved to PDS/IDCMLIST
2023-08-06 05:13:33.490920 - Found IDCMNSMS.jcl (text/plain) in CBT.V505.FILE560.PDS, moved to PDS/IDCMNSMS
2023-08-06 05:13:33.491773 - Found IDCMNVRN.jcl (text/plain) in CBT.V505.FILE560.PDS, moved to PDS/IDCMNVRN
2023-08-06 05:13:33.492584 - Found IDCMRECT.jcl (text/plain) in CBT.V505.FILE560.PDS, moved to PDS/IDCMRECT
2023-08-06 05:13:33.493452 - Found IDCMREN.jcl (text/plain) in CBT.V505.FILE560.PDS, moved to PDS/IDCMREN
2023-08-06 05:13:33.494299 - Found IDCMREN2.jcl (text/plain) in CBT.V505.FILE560.PDS, moved to PDS/IDCMREN2
2023-08-06 05:13:33.495180 - Found IDCMRERG.jcl (text/plain) in CBT.V505.FILE560.PDS, moved to PDS/IDCMRERG
2023-08-06 05:13:33.496027 - Found IDCMRPMC.jcl (text/plain) in CBT.V505.FILE560.PDS, moved to PDS/IDCMRPMC
2023-08-06 05:13:33.496977 - Found IDCMRPRI.jcl (text/plain) in CBT.V505.FILE560.PDS, moved to PDS/IDCMRPRI
2023-08-06 05:13:33.497935 - Found IDCMRPRO.jcl (text/plain) in CBT.V505.FILE560.PDS, moved to PDS/IDCMRPRO
2023-08-06 05:13:33.498941 - Found IDCMRPR1.jcl (text/plain) in CBT.V505.FILE560.PDS, moved to PDS/IDCMRPR1
2023-08-06 05:13:33.499821 - Found IDCMSKIP.jcl (text/plain) in CBT.V505.FILE560.PDS, moved to PDS/IDCMSKIP
2023-08-06 05:13:33.500658 - Found IDCMSMS.jcl (text/plain) in CBT.V505.FILE560.PDS, moved to PDS/IDCMSMS
2023-08-06 05:13:33.501497 - Found IDCMUNCT.jcl (text/plain) in CBT.V505.FILE560.PDS, moved to PDS/IDCMUNCT
2023-08-06 05:13:33.502336 - Found IDCTLGNV.jcl (text/plain) in CBT.V505.FILE560.PDS, moved to PDS/IDCTLGNV
2023-08-06 05:13:33.503285 - Found IDEFINE.jcl (text/plain) in CBT.V505.FILE560.PDS, moved to PDS/IDEFINE
2023-08-06 05:13:33.504236 - Found IDESACAT.jcl (text/plain) in CBT.V505.FILE560.PDS, moved to PDS/IDESACAT
2023-08-06 05:13:33.505195 - Found IEBCOPY.jcl (text/plain) in CBT.V505.FILE560.PDS, moved to PDS/IEBCOPY
2023-08-06 05:13:33.506105 - Found IEBCOP2.jcl (text/plain) in CBT.V505.FILE560.PDS, moved to PDS/IEBCOP2
2023-08-06 05:13:33.507033 - Found IEBGENER.jcl (text/plain) in CBT.V505.FILE560.PDS, moved to PDS/IEBGENER
2023-08-06 05:13:33.507930 - Found IEBUNLD.jcl (text/plain) in CBT.V505.FILE560.PDS, moved to PDS/IEBUNLD
2023-08-06 05:13:33.508808 - Found IEBUPDTE.jcl (text/plain) in CBT.V505.FILE560.PDS, moved to PDS/IEBUPDTE
2023-08-06 05:13:33.509672 - Found IEFBR14.jcl (text/plain) in CBT.V505.FILE560.PDS, moved to PDS/IEFBR14
2023-08-06 05:13:33.510571 - Found IEHLIST.jcl (text/plain) in CBT.V505.FILE560.PDS, moved to PDS/IEHLIST
2023-08-06 05:13:33.511527 - Found IEHPROGM.jcl (text/plain) in CBT.V505.FILE560.PDS, moved to PDS/IEHPROGM
2023-08-06 05:13:33.512374 - Found IEWBTEST.jcl (text/plain) in CBT.V505.FILE560.PDS, moved to PDS/IEWBTEST
2023-08-06 05:13:33.513186 - Found IFCDIP00.jcl (text/plain) in CBT.V505.FILE560.PDS, moved to PDS/IFCDIP00
2023-08-06 05:13:33.514133 - Found IGGCSILC.jcl (text/plain) in CBT.V505.FILE560.PDS, moved to PDS/IGGCSILC
2023-08-06 05:13:33.515083 - Found IKJEFT01.jcl (text/plain) in CBT.V505.FILE560.PDS, moved to PDS/IKJEFT01
2023-08-06 05:13:33.515977 - Found ILBCHECK.jcl (text/plain) in CBT.V505.FILE560.PDS, moved to PDS/ILBCHECK
2023-08-06 05:13:33.516908 - Found ILBCHEKS.jcl (text/plain) in CBT.V505.FILE560.PDS, moved to PDS/ILBCHEKS
2023-08-06 05:13:33.517865 - Found IOBEXPND.jcl (text/plain) in CBT.V505.FILE560.PDS, moved to PDS/IOBEXPND
2023-08-06 05:13:33.518882 - Found IPCSBTCH.jcl (text/plain) in CBT.V505.FILE560.PDS, moved to PDS/IPCSBTCH
2023-08-06 05:13:33.519782 - Found IPCSDEFN.jcl (text/plain) in CBT.V505.FILE560.PDS, moved to PDS/IPCSDEFN
2023-08-06 05:13:33.520619 - Found IPOUPDTE.jcl (text/plain) in CBT.V505.FILE560.PDS, moved to PDS/IPOUPDTE
2023-08-06 05:13:33.521490 - Found IRENAME.jcl (text/plain) in CBT.V505.FILE560.PDS, moved to PDS/IRENAME
2023-08-06 05:13:33.522354 - Found IRENAM1.jcl (text/plain) in CBT.V505.FILE560.PDS, moved to PDS/IRENAM1
2023-08-06 05:13:33.523213 - Found IRENAM2.jcl (text/plain) in CBT.V505.FILE560.PDS, moved to PDS/IRENAM2
2023-08-06 05:13:33.524051 - Found ISCRATCH.jcl (text/plain) in CBT.V505.FILE560.PDS, moved to PDS/ISCRATCH
2023-08-06 05:13:33.524896 - Found IUNCATLG.jcl (text/plain) in CBT.V505.FILE560.PDS, moved to PDS/IUNCATLG
2023-08-06 05:13:33.525809 - Found IXBUILD.jcl (text/plain) in CBT.V505.FILE560.PDS, moved to PDS/IXBUILD
2023-08-06 05:13:33.526757 - Found IXVTOC.jcl (text/plain) in CBT.V505.FILE560.PDS, moved to PDS/IXVTOC
2023-08-06 05:13:33.527598 - Found JCLMODS.jcl (text/plain) in CBT.V505.FILE560.PDS, moved to PDS/JCLMODS
2023-08-06 05:13:33.528393 - Found JCLSCAN.jcl (text/plain) in CBT.V505.FILE560.PDS, moved to PDS/JCLSCAN
2023-08-06 05:13:33.529214 - Found JCLSCAN2.jcl (text/plain) in CBT.V505.FILE560.PDS, moved to PDS/JCLSCAN2
2023-08-06 05:13:33.530090 - Found JESCTXPN.jcl (text/plain) in CBT.V505.FILE560.PDS, moved to PDS/JESCTXPN
2023-08-06 05:13:33.530984 - Found JES2PROC.jcl (text/plain) in CBT.V505.FILE560.PDS, moved to PDS/JES2PROC
2023-08-06 05:13:33.531917 - Found JFCBXPND.jcl (text/plain) in CBT.V505.FILE560.PDS, moved to PDS/JFCBXPND
2023-08-06 05:13:33.532822 - Found JOBCARD.jcl (text/plain) in CBT.V505.FILE560.PDS, moved to PDS/JOBCARD
2023-08-06 05:13:33.533798 - Found LBLEXPND.jcl (text/plain) in CBT.V505.FILE560.PDS, moved to PDS/LBLEXPND
2023-08-06 05:13:33.534744 - Found LDMDVER.jcl (text/plain) in CBT.V505.FILE560.PDS, moved to PDS/LDMDVER
2023-08-06 05:13:33.535659 - Found LE37019.jcl (text/plain) in CBT.V505.FILE560.PDS, moved to PDS/LE37019
2023-08-06 05:13:33.536496 - Found LINK.jcl (text/plain) in CBT.V505.FILE560.PDS, moved to PDS/LINK
2023-08-06 05:13:33.537332 - Found LINKCNTL.jcl (text/plain) in CBT.V505.FILE560.PDS, moved to PDS/LINKCNTL
2023-08-06 05:13:33.538293 - Found LINKREPL.jcl (text/plain) in CBT.V505.FILE560.PDS, moved to PDS/LINKREPL
2023-08-06 05:13:33.539174 - Found LINKTEST.jcl (text/plain) in CBT.V505.FILE560.PDS, moved to PDS/LINKTEST
2023-08-06 05:13:33.540024 - Found LINKXPND.jcl (text/plain) in CBT.V505.FILE560.PDS, moved to PDS/LINKXPND
2023-08-06 05:13:33.540983 - Found LINK2.jcl (text/plain) in CBT.V505.FILE560.PDS, moved to PDS/LINK2
2023-08-06 05:13:33.541927 - Found LINK900.jcl (text/plain) in CBT.V505.FILE560.PDS, moved to PDS/LINK900
2023-08-06 05:13:33.542839 - Found LINK900A.jcl (text/plain) in CBT.V505.FILE560.PDS, moved to PDS/LINK900A
2023-08-06 05:13:33.543722 - Found LISTIDR.jcl (text/plain) in CBT.V505.FILE560.PDS, moved to PDS/LISTIDR
2023-08-06 05:13:33.544527 - Found LISTVOLS.jcl (text/plain) in CBT.V505.FILE560.PDS, moved to PDS/LISTVOLS
2023-08-06 05:13:33.545389 - Found LKEDALYS.jcl (text/plain) in CBT.V505.FILE560.PDS, moved to PDS/LKEDALYS
2023-08-06 05:13:33.546360 - Found LKEDANAL.jcl (text/plain) in CBT.V505.FILE560.PDS, moved to PDS/LKEDANAL
2023-08-06 05:13:33.547522 - Found LKEDCTL2.jcl (text/plain) in CBT.V505.FILE560.PDS, moved to PDS/LKEDCTL2
2023-08-06 05:13:33.548610 - Found LKEDMOD.jcl (text/plain) in CBT.V505.FILE560.PDS, moved to PDS/LKEDMOD
2023-08-06 05:13:33.549680 - Found LMODCHEK.jcl (text/plain) in CBT.V505.FILE560.PDS, moved to PDS/LMODCHEK
2023-08-06 05:13:33.550598 - Found LMODCHK2.jcl (text/plain) in CBT.V505.FILE560.PDS, moved to PDS/LMODCHK2
2023-08-06 05:13:33.551480 - Found LMODCSCT.jcl (text/plain) in CBT.V505.FILE560.PDS, moved to PDS/LMODCSCT
2023-08-06 05:13:33.552401 - Found LMODHIST.jcl (text/plain) in CBT.V505.FILE560.PDS, moved to PDS/LMODHIST
2023-08-06 05:13:33.553268 - Found LMODREAD.jcl (text/plain) in CBT.V505.FILE560.PDS, moved to PDS/LMODREAD
2023-08-06 05:13:33.554211 - Found LOADDIR.jcl (text/plain) in CBT.V505.FILE560.PDS, moved to PDS/LOADDIR
2023-08-06 05:13:33.555119 - Found LOGREC.jcl (text/plain) in CBT.V505.FILE560.PDS, moved to PDS/LOGREC
2023-08-06 05:13:33.556015 - Found LOGRECHH.jcl (text/plain) in CBT.V505.FILE560.PDS, moved to PDS/LOGRECHH
2023-08-06 05:13:33.556875 - Found LOGRECHW.jcl (text/plain) in CBT.V505.FILE560.PDS, moved to PDS/LOGRECHW
2023-08-06 05:13:33.557770 - Found LOGRECSB.jcl (text/plain) in CBT.V505.FILE560.PDS, moved to PDS/LOGRECSB
2023-08-06 05:13:33.558720 - Found LOGRECSF.jcl (text/plain) in CBT.V505.FILE560.PDS, moved to PDS/LOGRECSF
2023-08-06 05:13:33.559624 - Found LSTVTOC.jcl (text/plain) in CBT.V505.FILE560.PDS, moved to PDS/LSTVTOC
2023-08-06 05:13:33.560529 - Found MAILMERG.jcl (text/plain) in CBT.V505.FILE560.PDS, moved to PDS/MAILMERG
2023-08-06 05:13:33.561355 - Found MERGE.jcl (text/plain) in CBT.V505.FILE560.PDS, moved to PDS/MERGE
2023-08-06 05:13:33.562193 - Found MERGE1.jcl (text/plain) in CBT.V505.FILE560.PDS, moved to PDS/MERGE1
2023-08-06 05:13:33.563005 - Found MERGE2.jcl (text/plain) in CBT.V505.FILE560.PDS, moved to PDS/MERGE2
2023-08-06 05:13:33.563809 - Found MERGE3.jcl (text/plain) in CBT.V505.FILE560.PDS, moved to PDS/MERGE3
2023-08-06 05:13:33.564612 - Found MERGMERG.jcl (text/plain) in CBT.V505.FILE560.PDS, moved to PDS/MERGMERG
2023-08-06 05:13:33.565453 - Found MFCSIGNS.jcl (text/plain) in CBT.V505.FILE560.PDS, moved to PDS/MFCSIGNS
2023-08-06 05:13:33.566416 - Found MIGRATE.jcl (text/plain) in CBT.V505.FILE560.PDS, moved to PDS/MIGRATE
2023-08-06 05:13:33.567270 - Found MODPSWD.jcl (text/plain) in CBT.V505.FILE560.PDS, moved to PDS/MODPSWD
2023-08-06 05:13:33.568187 - Found MODSCB.jcl (text/plain) in CBT.V505.FILE560.PDS, moved to PDS/MODSCB
2023-08-06 05:13:33.569054 - Found MODSCB2.jcl (text/plain) in CBT.V505.FILE560.PDS, moved to PDS/MODSCB2
2023-08-06 05:13:33.569980 - Found MODSCNDY.jcl (text/plain) in CBT.V505.FILE560.PDS, moved to PDS/MODSCNDY
2023-08-06 05:13:33.570823 - Found MODULENG.jcl (text/plain) in CBT.V505.FILE560.PDS, moved to PDS/MODULENG
2023-08-06 05:13:33.571618 - Found MODXREF.jcl (text/plain) in CBT.V505.FILE560.PDS, moved to PDS/MODXREF
2023-08-06 05:13:33.572409 - Found MRG4WAY.jcl (text/plain) in CBT.V505.FILE560.PDS, moved to PDS/MRG4WAY
2023-08-06 05:13:33.573267 - Found MSASMMOD.jcl (text/plain) in CBT.V505.FILE560.PDS, moved to PDS/MSASMMOD
2023-08-06 05:13:33.574188 - Found MSASMRPT.jcl (text/plain) in CBT.V505.FILE560.PDS, moved to PDS/MSASMRPT
2023-08-06 05:13:33.575091 - Found MSMCHMOD.jcl (text/plain) in CBT.V505.FILE560.PDS, moved to PDS/MSMCHMOD
2023-08-06 05:13:33.575902 - Found MSMCHMST.jcl (text/plain) in CBT.V505.FILE560.PDS, moved to PDS/MSMCHMST
2023-08-06 05:13:33.576710 - Found MSMCHRPT.jcl (text/plain) in CBT.V505.FILE560.PDS, moved to PDS/MSMCHRPT
2023-08-06 05:13:33.577544 - Found MTCHMERG.jcl (text/plain) in CBT.V505.FILE560.PDS, moved to PDS/MTCHMERG
2023-08-06 05:13:33.578466 - Found MVCLCHEK.jcl (text/plain) in CBT.V505.FILE560.PDS, moved to PDS/MVCLCHEK
2023-08-06 05:13:33.579532 - Found MVCLDISM.jcl (text/plain) in CBT.V505.FILE560.PDS, moved to PDS/MVCLDISM
2023-08-06 05:13:33.580464 - Found MVCLREDO.jcl (text/plain) in CBT.V505.FILE560.PDS, moved to PDS/MVCLREDO
2023-08-06 05:13:33.581383 - Found NDMRECV.jcl (text/plain) in CBT.V505.FILE560.PDS, moved to PDS/NDMRECV
2023-08-06 05:13:33.582514 - Found NDMSEND.jcl (text/plain) in CBT.V505.FILE560.PDS, moved to PDS/NDMSEND
2023-08-06 05:13:33.583393 - Found NDVRRP83.jcl (text/plain) in CBT.V505.FILE560.PDS, moved to PDS/NDVRRP83
2023-08-06 05:13:33.584181 - Found NOMNOC.jcl (text/plain) in CBT.V505.FILE560.PDS, moved to PDS/NOMNOC
2023-08-06 05:13:33.584974 - Found OWNER.jcl (text/plain) in CBT.V505.FILE560.PDS, moved to PDS/OWNER
2023-08-06 05:13:33.585781 - Found PDSCHECK.jcl (text/plain) in CBT.V505.FILE560.PDS, moved to PDS/PDSCHECK
2023-08-06 05:13:33.586593 - Found PDSCLEAN.jcl (text/plain) in CBT.V505.FILE560.PDS, moved to PDS/PDSCLEAN
2023-08-06 05:13:33.587507 - Found PDSCPYMB.jcl (text/plain) in CBT.V505.FILE560.PDS, moved to PDS/PDSCPYMB
2023-08-06 05:13:33.588342 - Found PDSDIR.jcl (text/plain) in CBT.V505.FILE560.PDS, moved to PDS/PDSDIR
2023-08-06 05:13:33.589153 - Found PDSDIRB.jcl (text/plain) in CBT.V505.FILE560.PDS, moved to PDS/PDSDIRB
2023-08-06 05:13:33.590044 - Found PDSDIRC.jcl (text/plain) in CBT.V505.FILE560.PDS, moved to PDS/PDSDIRC
2023-08-06 05:13:33.590992 - Found PDSDIRLN.jcl (text/plain) in CBT.V505.FILE560.PDS, moved to PDS/PDSDIRLN
2023-08-06 05:13:33.591873 - Found PDSDIRX.jcl (text/plain) in CBT.V505.FILE560.PDS, moved to PDS/PDSDIRX
2023-08-06 05:13:33.592792 - Found PDSDIRXP.jcl (text/plain) in CBT.V505.FILE560.PDS, moved to PDS/PDSDIRXP
2023-08-06 05:13:33.593706 - Found PDSDSN.jcl (text/plain) in CBT.V505.FILE560.PDS, moved to PDS/PDSDSN
2023-08-06 05:13:33.594527 - Found PDSECONV.jcl (text/plain) in CBT.V505.FILE560.PDS, moved to PDS/PDSECONV
2023-08-06 05:13:33.595491 - Found PDSHIST.jcl (text/plain) in CBT.V505.FILE560.PDS, moved to PDS/PDSHIST
2023-08-06 05:13:33.596380 - Found PDSINFO.jcl (text/plain) in CBT.V505.FILE560.PDS, moved to PDS/PDSINFO
2023-08-06 05:13:33.597368 - Found PDSREAD.jcl (text/plain) in CBT.V505.FILE560.PDS, moved to PDS/PDSREAD
2023-08-06 05:13:33.598337 - Found PDSUTIL.jcl (text/plain) in CBT.V505.FILE560.PDS, moved to PDS/PDSUTIL
2023-08-06 05:13:33.599299 - Found PDSUTILA.jcl (text/plain) in CBT.V505.FILE560.PDS, moved to PDS/PDSUTILA
2023-08-06 05:13:33.600276 - Found PDSUTILB.jcl (text/plain) in CBT.V505.FILE560.PDS, moved to PDS/PDSUTILB
2023-08-06 05:13:33.601195 - Found PDSUTILC.jcl (text/plain) in CBT.V505.FILE560.PDS, moved to PDS/PDSUTILC
2023-08-06 05:13:33.602098 - Found PDSUTILD.jcl (text/plain) in CBT.V505.FILE560.PDS, moved to PDS/PDSUTILD
2023-08-06 05:13:33.603005 - Found PDSUTLA2.jcl (text/plain) in CBT.V505.FILE560.PDS, moved to PDS/PDSUTLA2
2023-08-06 05:13:33.603898 - Found PDSUTLB2.jcl (text/plain) in CBT.V505.FILE560.PDS, moved to PDS/PDSUTLB2
2023-08-06 05:13:33.604785 - Found PDSUTLC2.jcl (text/plain) in CBT.V505.FILE560.PDS, moved to PDS/PDSUTLC2
2023-08-06 05:13:33.605666 - Found PDSUTLD2.jcl (text/plain) in CBT.V505.FILE560.PDS, moved to PDS/PDSUTLD2
2023-08-06 05:13:33.606611 - Found PDSVREPL.jcl (text/plain) in CBT.V505.FILE560.PDS, moved to PDS/PDSVREPL
2023-08-06 05:13:33.607613 - Found PDSVUPDT.jcl (text/plain) in CBT.V505.FILE560.PDS, moved to PDS/PDSVUPDT
2023-08-06 05:13:33.608501 - Found PGMTYPE.jcl (text/plain) in CBT.V505.FILE560.PDS, moved to PDS/PGMTYPE
2023-08-06 05:13:33.609437 - Found PKUNZIP.jcl (text/plain) in CBT.V505.FILE560.PDS, moved to PDS/PKUNZIP
2023-08-06 05:13:33.610300 - Found PKZIP.jcl (text/plain) in CBT.V505.FILE560.PDS, moved to PDS/PKZIP
2023-08-06 05:13:33.611423 - Found PKZIPVW.jcl (text/plain) in CBT.V505.FILE560.PDS, moved to PDS/PKZIPVW
2023-08-06 05:13:33.612496 - Found POINTER1.jcl (text/plain) in CBT.V505.FILE560.PDS, moved to PDS/POINTER1
2023-08-06 05:13:33.613532 - Found POINTER2.jcl (text/plain) in CBT.V505.FILE560.PDS, moved to PDS/POINTER2
2023-08-06 05:13:33.614485 - Found POINTER3.jcl (text/plain) in CBT.V505.FILE560.PDS, moved to PDS/POINTER3
2023-08-06 05:13:33.615468 - Found PRELINK.jcl (text/plain) in CBT.V505.FILE560.PDS, moved to PDS/PRELINK
2023-08-06 05:13:33.616410 - Found PRINTDAE.jcl (text/plain) in CBT.V505.FILE560.PDS, moved to PDS/PRINTDAE
2023-08-06 05:13:33.617385 - Found PRINTNBR.jcl (text/plain) in CBT.V505.FILE560.PDS, moved to PDS/PRINTNBR
2023-08-06 05:13:33.618276 - Found PRNTMULT.jcl (text/plain) in CBT.V505.FILE560.PDS, moved to PDS/PRNTMULT
2023-08-06 05:13:33.619185 - Found PROCSCAN.jcl (text/plain) in CBT.V505.FILE560.PDS, moved to PDS/PROCSCAN
2023-08-06 05:13:33.620004 - Found PRODSETS.jcl (text/plain) in CBT.V505.FILE560.PDS, moved to PDS/PRODSETS
2023-08-06 05:13:33.620790 - Found PRRMT178.jcl (text/plain) in CBT.V505.FILE560.PDS, moved to PDS/PRRMT178
2023-08-06 05:13:33.621662 - Found PRTABND1.jcl (text/plain) in CBT.V505.FILE560.PDS, moved to PDS/PRTABND1
2023-08-06 05:13:33.622581 - Found PRTBKMGR.jcl (text/plain) in CBT.V505.FILE560.PDS, moved to PDS/PRTBKMGR
2023-08-06 05:13:33.623466 - Found PRTCC.jcl (text/plain) in CBT.V505.FILE560.PDS, moved to PDS/PRTCC
2023-08-06 05:13:33.624374 - Found PRTCCLAS.jcl (text/plain) in CBT.V505.FILE560.PDS, moved to PDS/PRTCCLAS
2023-08-06 05:13:33.625239 - Found PRTCHARS.jcl (text/plain) in CBT.V505.FILE560.PDS, moved to PDS/PRTCHARS
2023-08-06 05:13:33.626048 - Found PRTDIR.jcl (text/plain) in CBT.V505.FILE560.PDS, moved to PDS/PRTDIR
2023-08-06 05:13:33.626982 - Found PRTDP50.jcl (text/plain) in CBT.V505.FILE560.PDS, moved to PDS/PRTDP50
2023-08-06 05:13:33.627889 - Found PRTGTF.jcl (text/plain) in CBT.V505.FILE560.PDS, moved to PDS/PRTGTF
2023-08-06 05:13:33.628732 - Found PRTHEX.jcl (text/plain) in CBT.V505.FILE560.PDS, moved to PDS/PRTHEX
2023-08-06 05:13:33.629655 - Found PRTINFO.jcl (text/plain) in CBT.V505.FILE560.PDS, moved to PDS/PRTINFO
2023-08-06 05:13:33.630491 - Found PRTLIBRY.jcl (text/plain) in CBT.V505.FILE560.PDS, moved to PDS/PRTLIBRY
2023-08-06 05:13:33.631406 - Found PRTLIB50.jcl (text/plain) in CBT.V505.FILE560.PDS, moved to PDS/PRTLIB50
2023-08-06 05:13:33.632320 - Found PRTMEMBR.jcl (text/plain) in CBT.V505.FILE560.PDS, moved to PDS/PRTMEMBR
2023-08-06 05:13:33.633131 - Found PRTMEM50.jcl (text/plain) in CBT.V505.FILE560.PDS, moved to PDS/PRTMEM50
2023-08-06 05:13:33.634057 - Found PRTPCH.jcl (text/plain) in CBT.V505.FILE560.PDS, moved to PDS/PRTPCH
2023-08-06 05:13:33.634958 - Found PRTPCWDK.jcl (text/plain) in CBT.V505.FILE560.PDS, moved to PDS/PRTPCWDK
2023-08-06 05:13:33.635870 - Found PRTRESLV.jcl (text/plain) in CBT.V505.FILE560.PDS, moved to PDS/PRTRESLV
2023-08-06 05:13:33.636748 - Found PRTRMF.jcl (text/plain) in CBT.V505.FILE560.PDS, moved to PDS/PRTRMF
2023-08-06 05:13:33.637686 - Found PRTT11.jcl (text/plain) in CBT.V505.FILE560.PDS, moved to PDS/PRTT11
2023-08-06 05:13:33.638577 - Found PRT2CHAR.jcl (text/plain) in CBT.V505.FILE560.PDS, moved to PDS/PRT2CHAR
2023-08-06 05:13:33.639479 - Found PRT2CHRF.jcl (text/plain) in CBT.V505.FILE560.PDS, moved to PDS/PRT2CHRF
2023-08-06 05:13:33.640422 - Found PSAEXPND.jcl (text/plain) in CBT.V505.FILE560.PDS, moved to PDS/PSAEXPND
2023-08-06 05:13:33.641310 - Found PULLDUPS.jcl (text/plain) in CBT.V505.FILE560.PDS, moved to PDS/PULLDUPS
2023-08-06 05:13:33.642165 - Found PULLGRPS.jcl (text/plain) in CBT.V505.FILE560.PDS, moved to PDS/PULLGRPS
2023-08-06 05:13:33.643262 - Found QWIKVTOC.jcl (text/plain) in CBT.V505.FILE560.PDS, moved to PDS/QWIKVTOC
2023-08-06 05:13:33.644385 - Found RBEXPAND.jcl (text/plain) in CBT.V505.FILE560.PDS, moved to PDS/RBEXPAND
2023-08-06 05:13:33.645488 - Found RCVRPDS.jcl (text/plain) in CBT.V505.FILE560.PDS, moved to PDS/RCVRPDS
2023-08-06 05:13:33.646494 - Found RCVRVPDS.jcl (text/plain) in CBT.V505.FILE560.PDS, moved to PDS/RCVRVPDS
2023-08-06 05:13:33.647451 - Found RDVSMSEQ.jcl (text/plain) in CBT.V505.FILE560.PDS, moved to PDS/RDVSMSEQ
2023-08-06 05:13:33.648393 - Found REFORMAT.jcl (text/plain) in CBT.V505.FILE560.PDS, moved to PDS/REFORMAT
2023-08-06 05:13:33.649298 - Found RELINK.jcl (text/plain) in CBT.V505.FILE560.PDS, moved to PDS/RELINK
2023-08-06 05:13:33.650163 - Found RELINKA.jcl (text/plain) in CBT.V505.FILE560.PDS, moved to PDS/RELINKA
2023-08-06 05:13:33.651069 - Found RELINKA2.jcl (text/plain) in CBT.V505.FILE560.PDS, moved to PDS/RELINKA2
2023-08-06 05:13:33.652003 - Found RELINKB.jcl (text/plain) in CBT.V505.FILE560.PDS, moved to PDS/RELINKB
2023-08-06 05:13:33.652894 - Found RELINKC.jcl (text/plain) in CBT.V505.FILE560.PDS, moved to PDS/RELINKC
2023-08-06 05:13:33.653769 - Found RELINKD.jcl (text/plain) in CBT.V505.FILE560.PDS, moved to PDS/RELINKD
2023-08-06 05:13:33.654710 - Found RELINK0.jcl (text/plain) in CBT.V505.FILE560.PDS, moved to PDS/RELINK0
2023-08-06 05:13:33.655613 - Found RELNKCEE.jcl (text/plain) in CBT.V505.FILE560.PDS, moved to PDS/RELNKCEE
2023-08-06 05:13:33.656574 - Found RELNKONE.jcl (text/plain) in CBT.V505.FILE560.PDS, moved to PDS/RELNKONE
2023-08-06 05:13:33.657511 - Found RELNK900.jcl (text/plain) in CBT.V505.FILE560.PDS, moved to PDS/RELNK900
2023-08-06 05:13:33.658446 - Found RELNK901.jcl (text/plain) in CBT.V505.FILE560.PDS, moved to PDS/RELNK901
2023-08-06 05:13:33.659334 - Found RENSCR.jcl (text/plain) in CBT.V505.FILE560.PDS, moved to PDS/RENSCR
2023-08-06 05:13:33.660219 - Found RESCHECK.jcl (text/plain) in CBT.V505.FILE560.PDS, moved to PDS/RESCHECK
2023-08-06 05:13:33.661112 - Found RESOURCE.jcl (text/plain) in CBT.V505.FILE560.PDS, moved to PDS/RESOURCE
2023-08-06 05:13:33.662023 - Found RESOURXP.jcl (text/plain) in CBT.V505.FILE560.PDS, moved to PDS/RESOURXP
2023-08-06 05:13:33.662918 - Found RMODE31.jcl (text/plain) in CBT.V505.FILE560.PDS, moved to PDS/RMODE31
2023-08-06 05:13:33.663849 - Found RUNTESTS.jcl (text/plain) in CBT.V505.FILE560.PDS, moved to PDS/RUNTESTS
2023-08-06 05:13:33.664732 - Found SAVEPDSS.jcl (text/plain) in CBT.V505.FILE560.PDS, moved to PDS/SAVEPDSS
2023-08-06 05:13:33.665633 - Found SCANIMS.jcl (text/plain) in CBT.V505.FILE560.PDS, moved to PDS/SCANIMS
2023-08-06 05:13:33.666427 - Found SCANLDM2.jcl (text/plain) in CBT.V505.FILE560.PDS, moved to PDS/SCANLDM2
2023-08-06 05:13:33.667320 - Found SCANLMOD.jcl (text/plain) in CBT.V505.FILE560.PDS, moved to PDS/SCANLMOD
2023-08-06 05:13:33.668107 - Found SCANPROC.txt (text/plain) in CBT.V505.FILE560.PDS, moved to PDS/SCANPROC
2023-08-06 05:13:33.668856 - Found SCANPSVB.jcl (text/plain) in CBT.V505.FILE560.PDS, moved to PDS/SCANPSVB
2023-08-06 05:13:33.669698 - Found SCANTEXM.jcl (text/plain) in CBT.V505.FILE560.PDS, moved to PDS/SCANTEXM
2023-08-06 05:13:33.670638 - Found SCANTEXT.jcl (text/plain) in CBT.V505.FILE560.PDS, moved to PDS/SCANTEXT
2023-08-06 05:13:33.671539 - Found SCANTXT2.jcl (text/plain) in CBT.V505.FILE560.PDS, moved to PDS/SCANTXT2
2023-08-06 05:13:33.672475 - Found SCANTXT3.jcl (text/plain) in CBT.V505.FILE560.PDS, moved to PDS/SCANTXT3
2023-08-06 05:13:33.673430 - Found SCANVBL2.jcl (text/plain) in CBT.V505.FILE560.PDS, moved to PDS/SCANVBL2
2023-08-06 05:13:33.674297 - Found SCANVRBL.jcl (text/plain) in CBT.V505.FILE560.PDS, moved to PDS/SCANVRBL
2023-08-06 05:13:33.675245 - Found SCRATCH.jcl (text/plain) in CBT.V505.FILE560.PDS, moved to PDS/SCRATCH
2023-08-06 05:13:33.676268 - Found SHUFFLE.jcl (text/plain) in CBT.V505.FILE560.PDS, moved to PDS/SHUFFLE
2023-08-06 05:13:33.677306 - Found SMFABNDS.jcl (text/plain) in CBT.V505.FILE560.PDS, moved to PDS/SMFABNDS
2023-08-06 05:13:33.678331 - Found SMFCOUNT.jcl (text/plain) in CBT.V505.FILE560.PDS, moved to PDS/SMFCOUNT
2023-08-06 05:13:33.679279 - Found SMFDEFIN.jcl (text/plain) in CBT.V505.FILE560.PDS, moved to PDS/SMFDEFIN
2023-08-06 05:13:33.680182 - Found SMFDSNAM.jcl (text/plain) in CBT.V505.FILE560.PDS, moved to PDS/SMFDSNAM
2023-08-06 05:13:33.681153 - Found SMFDSNM1.jcl (text/plain) in CBT.V505.FILE560.PDS, moved to PDS/SMFDSNM1
2023-08-06 05:13:33.681989 - Found SMFDSNM2.jcl (text/plain) in CBT.V505.FILE560.PDS, moved to PDS/SMFDSNM2
2023-08-06 05:13:33.682902 - Found SMFDSNV1.jcl (text/plain) in CBT.V505.FILE560.PDS, moved to PDS/SMFDSNV1
2023-08-06 05:13:33.683824 - Found SMFPGMS.jcl (text/plain) in CBT.V505.FILE560.PDS, moved to PDS/SMFPGMS
2023-08-06 05:13:33.684739 - Found SMFREAD.jcl (text/plain) in CBT.V505.FILE560.PDS, moved to PDS/SMFREAD
2023-08-06 05:13:33.685639 - Found SMFSTEPT.jcl (text/plain) in CBT.V505.FILE560.PDS, moved to PDS/SMFSTEPT
2023-08-06 05:13:33.686559 - Found SMFSTEP1.jcl (text/plain) in CBT.V505.FILE560.PDS, moved to PDS/SMFSTEP1
2023-08-06 05:13:33.687477 - Found SMFSTRIP.jcl (text/plain) in CBT.V505.FILE560.PDS, moved to PDS/SMFSTRIP
2023-08-06 05:13:33.688407 - Found SMFSTR14.jcl (text/plain) in CBT.V505.FILE560.PDS, moved to PDS/SMFSTR14
2023-08-06 05:13:33.689368 - Found SMFSTR30.jcl (text/plain) in CBT.V505.FILE560.PDS, moved to PDS/SMFSTR30
2023-08-06 05:13:33.690222 - Found SMPEAPCK.jcl (text/plain) in CBT.V505.FILE560.PDS, moved to PDS/SMPEAPCK
2023-08-06 05:13:33.691134 - Found SMPEAPLY.jcl (text/plain) in CBT.V505.FILE560.PDS, moved to PDS/SMPEAPLY
2023-08-06 05:13:33.692021 - Found SMPELIST.jcl (text/plain) in CBT.V505.FILE560.PDS, moved to PDS/SMPELIST
2023-08-06 05:13:33.692924 - Found SMPELST2.jcl (text/plain) in CBT.V505.FILE560.PDS, moved to PDS/SMPELST2
2023-08-06 05:13:33.693867 - Found SMPENDVR.jcl (text/plain) in CBT.V505.FILE560.PDS, moved to PDS/SMPENDVR
2023-08-06 05:13:33.694778 - Found SMPERCV.jcl (text/plain) in CBT.V505.FILE560.PDS, moved to PDS/SMPERCV
2023-08-06 05:13:33.695704 - Found SMPERECV.jcl (text/plain) in CBT.V505.FILE560.PDS, moved to PDS/SMPERECV
2023-08-06 05:13:33.696586 - Found SMPEREJ.jcl (text/plain) in CBT.V505.FILE560.PDS, moved to PDS/SMPEREJ
2023-08-06 05:13:33.697461 - Found SMPERSTR.jcl (text/plain) in CBT.V505.FILE560.PDS, moved to PDS/SMPERSTR
2023-08-06 05:13:33.698422 - Found SMPLEMVS.jcl (text/plain) in CBT.V505.FILE560.PDS, moved to PDS/SMPLEMVS
2023-08-06 05:13:33.699328 - Found SMPLIST.jcl (text/plain) in CBT.V505.FILE560.PDS, moved to PDS/SMPLIST
2023-08-06 05:13:33.700265 - Found SMPLIST2.jcl (text/plain) in CBT.V505.FILE560.PDS, moved to PDS/SMPLIST2
2023-08-06 05:13:33.701180 - Found SMPXTRQQ.jcl (text/plain) in CBT.V505.FILE560.PDS, moved to PDS/SMPXTRQQ
2023-08-06 05:13:33.702105 - Found SMPXTR6F.jcl (text/plain) in CBT.V505.FILE560.PDS, moved to PDS/SMPXTR6F
2023-08-06 05:13:33.702998 - Found SMRCOPY.jcl (text/plain) in CBT.V505.FILE560.PDS, moved to PDS/SMRCOPY
2023-08-06 05:13:33.703896 - Found SORT.jcl (text/plain) in CBT.V505.FILE560.PDS, moved to PDS/SORT
2023-08-06 05:13:33.704839 - Found SRCH314.jcl (text/plain) in CBT.V505.FILE560.PDS, moved to PDS/SRCH314
2023-08-06 05:13:33.705723 - Found SRTSVC99.jcl (text/plain) in CBT.V505.FILE560.PDS, moved to PDS/SRTSVC99
2023-08-06 05:13:33.706667 - Found SSCVTXPN.jcl (text/plain) in CBT.V505.FILE560.PDS, moved to PDS/SSCVTXPN
2023-08-06 05:13:33.707689 - Found SSVTXPND.jcl (text/plain) in CBT.V505.FILE560.PDS, moved to PDS/SSVTXPND
2023-08-06 05:13:33.708723 - Found STREK1.jcl (text/plain) in CBT.V505.FILE560.PDS, moved to PDS/STREK1
2023-08-06 05:13:33.709772 - Found STREK2.jcl (text/plain) in CBT.V505.FILE560.PDS, moved to PDS/STREK2
2023-08-06 05:13:33.710774 - Found STRIP.jcl (text/plain) in CBT.V505.FILE560.PDS, moved to PDS/STRIP
2023-08-06 05:13:33.711717 - Found STRIPEDG.jcl (text/plain) in CBT.V505.FILE560.PDS, moved to PDS/STRIPEDG
2023-08-06 05:13:33.712615 - Found STRIPLID.jcl (text/plain) in CBT.V505.FILE560.PDS, moved to PDS/STRIPLID
2023-08-06 05:13:33.713490 - Found STROBE.jcl (text/plain) in CBT.V505.FILE560.PDS, moved to PDS/STROBE
2023-08-06 05:13:33.714287 - Found STROBPRF.jcl (text/plain) in CBT.V505.FILE560.PDS, moved to PDS/STROBPRF
2023-08-06 05:13:33.715109 - Found SUBCCMPL.jcl (text/plain) in CBT.V505.FILE560.PDS, moved to PDS/SUBCCMPL
2023-08-06 05:13:33.715919 - Found SUPERCE.jcl (text/plain) in CBT.V505.FILE560.PDS, moved to PDS/SUPERCE
2023-08-06 05:13:33.716692 - Found SUPERZAP.jcl (text/plain) in CBT.V505.FILE560.PDS, moved to PDS/SUPERZAP
2023-08-06 05:13:33.717632 - Found TAPECOPY.jcl (text/plain) in CBT.V505.FILE560.PDS, moved to PDS/TAPECOPY
2023-08-06 05:13:33.718472 - Found TAPEHEAD.jcl (text/plain) in CBT.V505.FILE560.PDS, moved to PDS/TAPEHEAD
2023-08-06 05:13:33.719291 - Found TAPEMAP.jcl (text/plain) in CBT.V505.FILE560.PDS, moved to PDS/TAPEMAP
2023-08-06 05:13:33.720093 - Found TAPEMULT.jcl (text/plain) in CBT.V505.FILE560.PDS, moved to PDS/TAPEMULT
2023-08-06 05:13:33.720872 - Found TAPESCAN.jcl (text/plain) in CBT.V505.FILE560.PDS, moved to PDS/TAPESCAN
2023-08-06 05:13:33.721728 - Found TAPEVRFY.jcl (text/plain) in CBT.V505.FILE560.PDS, moved to PDS/TAPEVRFY
2023-08-06 05:13:33.722652 - Found TCBEXPND.jcl (text/plain) in CBT.V505.FILE560.PDS, moved to PDS/TCBEXPND
2023-08-06 05:13:33.723651 - Found TCREPRT.jcl (text/plain) in CBT.V505.FILE560.PDS, moved to PDS/TCREPRT
2023-08-06 05:13:33.724571 - Found TIME.jcl (text/plain) in CBT.V505.FILE560.PDS, moved to PDS/TIME
2023-08-06 05:13:33.725470 - Found TIOTXPND.jcl (text/plain) in CBT.V505.FILE560.PDS, moved to PDS/TIOTXPND
2023-08-06 05:13:33.726345 - Found TOUCH.jcl (text/plain) in CBT.V505.FILE560.PDS, moved to PDS/TOUCH
2023-08-06 05:13:33.727356 - Found TRANSFER.jcl (text/plain) in CBT.V505.FILE560.PDS, moved to PDS/TRANSFER
2023-08-06 05:13:33.728292 - Found TRTCH.jcl (text/plain) in CBT.V505.FILE560.PDS, moved to PDS/TRTCH
2023-08-06 05:13:33.729170 - Found UCBEXPND.jcl (text/plain) in CBT.V505.FILE560.PDS, moved to PDS/UCBEXPND
2023-08-06 05:13:33.729982 - Found UCBSCAN.jcl (text/plain) in CBT.V505.FILE560.PDS, moved to PDS/UCBSCAN
2023-08-06 05:13:33.730915 - Found UNIQUE.jcl (text/plain) in CBT.V505.FILE560.PDS, moved to PDS/UNIQUE
2023-08-06 05:13:33.731824 - Found UPDTLMOD.jcl (text/plain) in CBT.V505.FILE560.PDS, moved to PDS/UPDTLMOD
2023-08-06 05:13:33.732684 - Found USECPU.jcl (text/plain) in CBT.V505.FILE560.PDS, moved to PDS/USECPU
2023-08-06 05:13:33.733564 - Found USERABND.jcl (text/plain) in CBT.V505.FILE560.PDS, moved to PDS/USERABND
2023-08-06 05:13:33.734439 - Found VBSCHECK.jcl (text/plain) in CBT.V505.FILE560.PDS, moved to PDS/VBSCHECK
2023-08-06 05:13:33.735365 - Found VOLLIST2.jcl (text/plain) in CBT.V505.FILE560.PDS, moved to PDS/VOLLIST2
2023-08-06 05:13:33.736247 - Found VSAMCRE8.jcl (text/plain) in CBT.V505.FILE560.PDS, moved to PDS/VSAMCRE8
2023-08-06 05:13:33.737182 - Found VSAMDIAG.jcl (text/plain) in CBT.V505.FILE560.PDS, moved to PDS/VSAMDIAG
2023-08-06 05:13:33.738110 - Found VSAMHIST.jcl (text/plain) in CBT.V505.FILE560.PDS, moved to PDS/VSAMHIST
2023-08-06 05:13:33.739047 - Found VSAMRENM.jcl (text/plain) in CBT.V505.FILE560.PDS, moved to PDS/VSAMRENM
2023-08-06 05:13:33.739947 - Found VSAMRPRO.jcl (text/plain) in CBT.V505.FILE560.PDS, moved to PDS/VSAMRPRO
2023-08-06 05:13:33.740898 - Found VSMRSTR.jcl (text/plain) in CBT.V505.FILE560.PDS, moved to PDS/VSMRSTR
2023-08-06 05:13:33.741794 - Found VTOCDATA.jcl (text/plain) in CBT.V505.FILE560.PDS, moved to PDS/VTOCDATA
2023-08-06 05:13:33.742771 - Found VTOCDSVL.jcl (text/plain) in CBT.V505.FILE560.PDS, moved to PDS/VTOCDSVL
2023-08-06 05:13:33.743658 - Found VTOCLIST.jcl (text/plain) in CBT.V505.FILE560.PDS, moved to PDS/VTOCLIST
2023-08-06 05:13:33.744490 - Found VTOCPRNT.jcl (text/plain) in CBT.V505.FILE560.PDS, moved to PDS/VTOCPRNT
2023-08-06 05:13:33.745300 - Found VTOCSORT.jcl (text/plain) in CBT.V505.FILE560.PDS, moved to PDS/VTOCSORT
2023-08-06 05:13:33.746171 - Found VTOCSTRP.jcl (text/plain) in CBT.V505.FILE560.PDS, moved to PDS/VTOCSTRP
2023-08-06 05:13:33.747012 - Found WAIT1.jcl (text/plain) in CBT.V505.FILE560.PDS, moved to PDS/WAIT1
2023-08-06 05:13:33.747857 - Found WAIT2.jcl (text/plain) in CBT.V505.FILE560.PDS, moved to PDS/WAIT2
2023-08-06 05:13:33.748700 - Found WAIT3.jcl (text/plain) in CBT.V505.FILE560.PDS, moved to PDS/WAIT3
2023-08-06 05:13:33.749613 - Found WAIT5MIN.jcl (text/plain) in CBT.V505.FILE560.PDS, moved to PDS/WAIT5MIN
2023-08-06 05:13:33.750517 - Found WHERE.jcl (text/plain) in CBT.V505.FILE560.PDS, moved to PDS/WHERE
2023-08-06 05:13:33.751366 - Found WHEREUSD.jcl (text/plain) in CBT.V505.FILE560.PDS, moved to PDS/WHEREUSD
2023-08-06 05:13:33.752138 - Found WTOREGS.jcl (text/plain) in CBT.V505.FILE560.PDS, moved to PDS/WTOREGS
2023-08-06 05:13:33.752960 - Found WTORTEST.jcl (text/plain) in CBT.V505.FILE560.PDS, moved to PDS/WTORTEST
2023-08-06 05:13:33.753795 - Found XMEM.jcl (text/plain) in CBT.V505.FILE560.PDS, moved to PDS/XMEM
2023-08-06 05:13:33.754645 - Found XPEDUNLD.jcl (text/plain) in CBT.V505.FILE560.PDS, moved to PDS/XPEDUNLD
2023-08-06 05:13:33.755478 - Found XPEDZAP.jcl (text/plain) in CBT.V505.FILE560.PDS, moved to PDS/XPEDZAP
2023-08-06 05:13:33.756309 - Found XP66COBV.jcl (text/plain) in CBT.V505.FILE560.PDS, moved to PDS/XP66COBV
2023-08-06 05:13:33.757148 - Found XP66COB2.jcl (text/plain) in CBT.V505.FILE560.PDS, moved to PDS/XP66COB2
2023-08-06 05:13:33.758115 - Found XTEXPAND.jcl (text/plain) in CBT.V505.FILE560.PDS, moved to PDS/XTEXPAND
2023-08-06 05:13:33.758984 - Found ZAP.jcl (text/plain) in CBT.V505.FILE560.PDS, moved to PDS/ZAP
2023-08-06 05:13:33.759836 - Found ZAPDSCB.jcl (text/plain) in CBT.V505.FILE560.PDS, moved to PDS/ZAPDSCB
2023-08-06 05:13:33.760672 - Found ZAPDUMP.jcl (text/plain) in CBT.V505.FILE560.PDS, moved to PDS/ZAPDUMP
2023-08-06 05:13:33.761570 - Found ZAPRP001.jcl (text/plain) in CBT.V505.FILE560.PDS, moved to PDS/ZAPRP001
2023-08-06 05:13:33.762424 - Found ZAP900.txt (text/plain) in CBT.V505.FILE560.PDS, moved to PDS/ZAP900
2023-08-06 05:13:33.763231 - Found ZIPPDS.jcl (text/plain) in CBT.V505.FILE560.PDS, moved to PDS/ZIPPDS
2023-08-06 05:13:33.764032 - Found ZIPSEQ.jcl (text/plain) in CBT.V505.FILE560.PDS, moved to PDS/ZIPSEQ
2023-08-06 05:13:33.764845 - Found ZIPSHOW.jcl (text/plain) in CBT.V505.FILE560.PDS, moved to PDS/ZIPSHOW
